0 info it worked if it ends with ok
1 verbose cli [ '/home/lucek/.nvm/versions/node/v5.5.0/bin/node',
1 verbose cli   '/home/lucek/.nvm/versions/node/v5.5.0/bin/npm',
1 verbose cli   'run',
1 verbose cli   'test' ]
2 info using npm@3.3.12
3 info using node@v5.5.0
4 verbose run-script [ 'pretest', 'test', 'posttest' ]
5 info lifecycle redux-from-scratch@1.0.0~pretest: redux-from-scratch@1.0.0
6 silly lifecycle redux-from-scratch@1.0.0~pretest: no script for pretest, continuing
7 info lifecycle redux-from-scratch@1.0.0~test: redux-from-scratch@1.0.0
8 verbose lifecycle redux-from-scratch@1.0.0~test: unsafe-perm in lifecycle true
9 verbose lifecycle redux-from-scratch@1.0.0~test: PATH: /home/lucek/.nvm/versions/node/v5.5.0/lib/node_modules/npm/bin/node-gyp-bin:/home/lucek/workspace/redux-from-scratch/node_modules/.bin:/home/lucek/.nvm/versions/node/v5.5.0/bin:/home/lucek/.rbenv/shims:/home/lucek/.rbenv/bin:/usr/bin:/bin:/usr/sbin:/sbin:/usr/local/bin:/opt/X11/bin:/usr/local/heroku/bin:/bin:/usr/bin:/usr/local/bin
10 verbose lifecycle redux-from-scratch@1.0.0~test: CWD: /home/lucek/workspace/redux-from-scratch
11 silly lifecycle redux-from-scratch@1.0.0~test: Args: [ '-c', 'node_modules/tape/bin/tape -r babel-register test.js' ]
12 silly lifecycle redux-from-scratch@1.0.0~test: Returned: code: 1  signal: null
13 info lifecycle redux-from-scratch@1.0.0~test: Failed to exec test script
14 verbose stack Error: redux-from-scratch@1.0.0 test: `node_modules/tape/bin/tape -r babel-register test.js`
14 verbose stack Exit status 1
14 verbose stack     at EventEmitter.<anonymous> (/home/lucek/.nvm/versions/node/v5.5.0/lib/node_modules/npm/lib/utils/lifecycle.js:232:16)
14 verbose stack     at emitTwo (events.js:100:13)
14 verbose stack     at EventEmitter.emit (events.js:185:7)
14 verbose stack     at ChildProcess.<anonymous> (/home/lucek/.nvm/versions/node/v5.5.0/lib/node_modules/npm/lib/utils/spawn.js:24:14)
14 verbose stack     at emitTwo (events.js:100:13)
14 verbose stack     at ChildProcess.emit (events.js:185:7)
14 verbose stack     at maybeClose (internal/child_process.js:821:16)
14 verbose stack     at Process.ChildProcess._handle.onexit (internal/child_process.js:211:5)
15 verbose pkgid redux-from-scratch@1.0.0
16 verbose cwd /home/lucek/workspace/redux-from-scratch
17 error Linux 4.4.45-1-lts
18 error argv "/home/lucek/.nvm/versions/node/v5.5.0/bin/node" "/home/lucek/.nvm/versions/node/v5.5.0/bin/npm" "run" "test"
19 error node v5.5.0
20 error npm  v3.3.12
21 error code ELIFECYCLE
22 error redux-from-scratch@1.0.0 test: `node_modules/tape/bin/tape -r babel-register test.js`
22 error Exit status 1
23 error Failed at the redux-from-scratch@1.0.0 test script 'node_modules/tape/bin/tape -r babel-register test.js'.
23 error Make sure you have the latest version of node.js and npm installed.
23 error If you do, this is most likely a problem with the redux-from-scratch package,
23 error not with npm itself.
23 error Tell the author that this fails on your system:
23 error     node_modules/tape/bin/tape -r babel-register test.js
23 error You can get their info via:
23 error     npm owner ls redux-from-scratch
23 error There is likely additional logging output above.
24 verbose exit [ 1, true ]
